<?xml version="1.0" encoding="UTF-8"?>
<testsuite xmlns:xsi="http://www.w3.org/2001/XMLSchema-instance" xsi:noNamespaceSchemaLocation="https://maven.apache.org/surefire/maven-surefire-plugin/xsd/surefire-test-report-3.0.xsd" version="3.0" name="TestePersistence" time="1.377" tests="4" errors="0" skipped="0" failures="0">
  <properties>
    <property name="java.specification.version" value="23"/>
    <property name="sun.cpu.isalist" value="amd64"/>
    <property name="sun.jnu.encoding" value="Cp1252"/>
    <property name="java.class.path" value="C:\Users\berna\OneDrive\Documentos\NetBeansProjects\ProjetoLPOOE1_BernardoBurin\target\test-classes;C:\Users\berna\OneDrive\Documentos\NetBeansProjects\ProjetoLPOOE1_BernardoBurin\target\classes;C:\Users\berna\.m2\repository\org\hibernate\javax\persistence\hibernate-jpa-2.1-api\1.0.2.Final\hibernate-jpa-2.1-api-1.0.2.Final.jar;C:\Users\berna\.m2\repository\org\hibernate\hibernate-core\5.3.3.Final\hibernate-core-5.3.3.Final.jar;C:\Users\berna\.m2\repository\org\jboss\logging\jboss-logging\3.3.2.Final\jboss-logging-3.3.2.Final.jar;C:\Users\berna\.m2\repository\javax\persistence\javax.persistence-api\2.2\javax.persistence-api-2.2.jar;C:\Users\berna\.m2\repository\org\javassist\javassist\3.23.1-GA\javassist-3.23.1-GA.jar;C:\Users\berna\.m2\repository\net\bytebuddy\byte-buddy\1.8.13\byte-buddy-1.8.13.jar;C:\Users\berna\.m2\repository\antlr\antlr\2.7.7\antlr-2.7.7.jar;C:\Users\berna\.m2\repository\org\jboss\spec\javax\transaction\jboss-transaction-api_1.2_spec\1.1.1.Final\jboss-transaction-api_1.2_spec-1.1.1.Final.jar;C:\Users\berna\.m2\repository\org\jboss\jandex\2.0.5.Final\jandex-2.0.5.Final.jar;C:\Users\berna\.m2\repository\com\fasterxml\classmate\1.3.4\classmate-1.3.4.jar;C:\Users\berna\.m2\repository\javax\activation\javax.activation-api\1.2.0\javax.activation-api-1.2.0.jar;C:\Users\berna\.m2\repository\dom4j\dom4j\1.6.1\dom4j-1.6.1.jar;C:\Users\berna\.m2\repository\org\hibernate\common\hibernate-commons-annotations\5.0.4.Final\hibernate-commons-annotations-5.0.4.Final.jar;C:\Users\berna\.m2\repository\junit\junit\4.11\junit-4.11.jar;C:\Users\berna\.m2\repository\org\hamcrest\hamcrest-core\1.3\hamcrest-core-1.3.jar;C:\Users\berna\.m2\repository\org\postgresql\postgresql\42.2.24\postgresql-42.2.24.jar;C:\Users\berna\.m2\repository\org\checkerframework\checker-qual\3.5.0\checker-qual-3.5.0.jar;C:\Users\berna\.m2\repository\org\hibernate\hibernate-entitymanager\4.3.1.Final\hibernate-entitymanager-4.3.1.Final.jar;C:\Users\berna\.m2\repository\org\jboss\logging\jboss-logging-annotations\1.2.0.Beta1\jboss-logging-annotations-1.2.0.Beta1.jar;C:\Users\berna\.m2\repository\javax\xml\bind\jaxb-api\2.3.0\jaxb-api-2.3.0.jar;"/>
    <property name="java.vm.vendor" value="Oracle Corporation"/>
    <property name="sun.arch.data.model" value="64"/>
    <property name="user.variant" value=""/>
    <property name="java.vendor.url" value="https://java.oracle.com/"/>
    <property name="user.timezone" value="America/Sao_Paulo"/>
    <property name="os.name" value="Windows 11"/>
    <property name="java.vm.specification.version" value="23"/>
    <property name="user.country" value="BR"/>
    <property name="sun.java.launcher" value="SUN_STANDARD"/>
    <property name="sun.boot.library.path" value="C:\Program Files\Java\jdk-23\bin"/>
    <property name="sun.java.command" value="C:\Users\berna\AppData\Local\Temp\surefire17996768308363660225\surefirebooter-20241106214941102_3.jar C:\Users\berna\AppData\Local\Temp\surefire17996768308363660225 2024-11-06T21-49-40_998-jvmRun1 surefire-20241106214941102_1tmp surefire_0-20241106214941102_2tmp"/>
    <property name="jdk.debug" value="release"/>
    <property name="test" value="TestePersistence"/>
    <property name="surefire.test.class.path" value="C:\Users\berna\OneDrive\Documentos\NetBeansProjects\ProjetoLPOOE1_BernardoBurin\target\test-classes;C:\Users\berna\OneDrive\Documentos\NetBeansProjects\ProjetoLPOOE1_BernardoBurin\target\classes;C:\Users\berna\.m2\repository\org\hibernate\javax\persistence\hibernate-jpa-2.1-api\1.0.2.Final\hibernate-jpa-2.1-api-1.0.2.Final.jar;C:\Users\berna\.m2\repository\org\hibernate\hibernate-core\5.3.3.Final\hibernate-core-5.3.3.Final.jar;C:\Users\berna\.m2\repository\org\jboss\logging\jboss-logging\3.3.2.Final\jboss-logging-3.3.2.Final.jar;C:\Users\berna\.m2\repository\javax\persistence\javax.persistence-api\2.2\javax.persistence-api-2.2.jar;C:\Users\berna\.m2\repository\org\javassist\javassist\3.23.1-GA\javassist-3.23.1-GA.jar;C:\Users\berna\.m2\repository\net\bytebuddy\byte-buddy\1.8.13\byte-buddy-1.8.13.jar;C:\Users\berna\.m2\repository\antlr\antlr\2.7.7\antlr-2.7.7.jar;C:\Users\berna\.m2\repository\org\jboss\spec\javax\transaction\jboss-transaction-api_1.2_spec\1.1.1.Final\jboss-transaction-api_1.2_spec-1.1.1.Final.jar;C:\Users\berna\.m2\repository\org\jboss\jandex\2.0.5.Final\jandex-2.0.5.Final.jar;C:\Users\berna\.m2\repository\com\fasterxml\classmate\1.3.4\classmate-1.3.4.jar;C:\Users\berna\.m2\repository\javax\activation\javax.activation-api\1.2.0\javax.activation-api-1.2.0.jar;C:\Users\berna\.m2\repository\dom4j\dom4j\1.6.1\dom4j-1.6.1.jar;C:\Users\berna\.m2\repository\org\hibernate\common\hibernate-commons-annotations\5.0.4.Final\hibernate-commons-annotations-5.0.4.Final.jar;C:\Users\berna\.m2\repository\junit\junit\4.11\junit-4.11.jar;C:\Users\berna\.m2\repository\org\hamcrest\hamcrest-core\1.3\hamcrest-core-1.3.jar;C:\Users\berna\.m2\repository\org\postgresql\postgresql\42.2.24\postgresql-42.2.24.jar;C:\Users\berna\.m2\repository\org\checkerframework\checker-qual\3.5.0\checker-qual-3.5.0.jar;C:\Users\berna\.m2\repository\org\hibernate\hibernate-entitymanager\4.3.1.Final\hibernate-entitymanager-4.3.1.Final.jar;C:\Users\berna\.m2\repository\org\jboss\logging\jboss-logging-annotations\1.2.0.Beta1\jboss-logging-annotations-1.2.0.Beta1.jar;C:\Users\berna\.m2\repository\javax\xml\bind\jaxb-api\2.3.0\jaxb-api-2.3.0.jar;"/>
    <property name="sun.cpu.endian" value="little"/>
    <property name="user.home" value="C:\Users\berna"/>
    <property name="user.language" value="pt"/>
    <property name="java.specification.vendor" value="Oracle Corporation"/>
    <property name="java.version.date" value="2024-09-17"/>
    <property name="java.home" value="C:\Program Files\Java\jdk-23"/>
    <property name="file.separator" value="\"/>
    <property name="basedir" value="C:\Users\berna\OneDrive\Documentos\NetBeansProjects\ProjetoLPOOE1_BernardoBurin"/>
    <property name="java.vm.compressedOopsMode" value="Zero based"/>
    <property name="line.separator" value="&#10;"/>
    <property name="java.vm.specification.vendor" value="Oracle Corporation"/>
    <property name="java.specification.name" value="Java Platform API Specification"/>
    <property name="surefire.real.class.path" value="C:\Users\berna\AppData\Local\Temp\surefire17996768308363660225\surefirebooter-20241106214941102_3.jar"/>
    <property name="user.script" value=""/>
    <property name="sun.management.compiler" value="HotSpot 64-Bit Tiered Compilers"/>
    <property name="java.runtime.version" value="23+37-2369"/>
    <property name="user.name" value="berna"/>
    <property name="stdout.encoding" value="Cp1252"/>
    <property name="path.separator" value=";"/>
    <property name="os.version" value="10.0"/>
    <property name="java.runtime.name" value="Java(TM) SE Runtime Environment"/>
    <property name="file.encoding" value="UTF-8"/>
    <property name="java.vm.name" value="Java HotSpot(TM) 64-Bit Server VM"/>
    <property name="maven.ext.class.path" value="C:\Program Files\NetBeans-22\netbeans\java\maven-nblib\netbeans-eventspy.jar"/>
    <property name="localRepository" value="C:\Users\berna\.m2\repository"/>
    <property name="java.vendor.url.bug" value="https://bugreport.java.com/bugreport/"/>
    <property name="java.io.tmpdir" value="C:\Users\berna\AppData\Local\Temp\"/>
    <property name="java.version" value="23"/>
    <property name="user.dir" value="C:\Users\berna\OneDrive\Documentos\NetBeansProjects\ProjetoLPOOE1_BernardoBurin"/>
    <property name="os.arch" value="amd64"/>
    <property name="java.vm.specification.name" value="Java Virtual Machine Specification"/>
    <property name="sun.os.patch.level" value=""/>
    <property name="native.encoding" value="Cp1252"/>
    <property name="java.library.path" value="C:\Program Files\Java\jdk-23\bin;C:\Windows\Sun\Java\bin;C:\Windows\system32;C:\Windows;C:\Program Files\Common Files\Oracle\Java\javapath;C:\Program Files (x86)\Common Files\Oracle\Java\java8path;C:\Program Files (x86)\Common Files\Oracle\Java\javapath;C:\Windows\system32;C:\Windows;C:\Windows\System32\Wbem;C:\Windows\System32\WindowsPowerShell\v1.0\;C:\Windows\System32\OpenSSH\;C:\Program Files\NVIDIA Corporation\NVIDIA NvDLISR;C:\Program Files\Git\cmd;C:\Program Files (x86)\NVIDIA Corporation\PhysX\Common;C:\Users\berna\AppData\Local\Microsoft\WindowsApps;C:\Users\berna\AppData\Local\Programs\Microsoft VS Code\bin;C:\flutter\bin;C:\msys64\ucrt64\bin;C:\Users\berna\AppData\Local\GitHubDesktop\bin;."/>
    <property name="java.vm.info" value="mixed mode, sharing"/>
    <property name="stderr.encoding" value="Cp1252"/>
    <property name="java.vendor" value="Oracle Corporation"/>
    <property name="java.vm.version" value="23+37-2369"/>
    <property name="sun.io.unicode.encoding" value="UnicodeLittle"/>
    <property name="java.class.version" value="67.0"/>
  </properties>
  <testcase name="testPersistQuarto" classname="TestePersistence" time="0.021">
    <system-out><![CDATA[Hibernate: alter table cliente drop constraint FKa710hls1tg15o3d4ok5biathy
Hibernate: alter table funcionario drop constraint FKpjvvctvfjm69dvye3aea5k56f
Hibernate: alter table reserva drop constraint FK7cg2jiyn5cf6f6elccvb6963k
Hibernate: alter table reserva drop constraint FKll90wdpmqcpwh6car9093ehxy
Hibernate: drop table if exists cliente cascade
Hibernate: drop table if exists funcionario cascade
Hibernate: drop table if exists pessoa cascade
Hibernate: drop table if exists quarto cascade
Hibernate: drop table if exists reserva cascade
Hibernate: create table cliente (id int4 not null, primary key (id))
Hibernate: create table funcionario (cargo varchar(50), salario float8, id int4 not null, primary key (id))
Hibernate: create table pessoa (id  serial not null, cpf varchar(11), email varchar(100), nome varchar(100) not null, telefone varchar(15), primary key (id))
Hibernate: create table quarto (id  serial not null, disponibilidade boolean not null, numero int4 not null, preco float8 not null, tipo varchar(50) not null, primary key (id))
Hibernate: create table reserva (id  serial not null, data_fim date not null, data_inicio date not null, status varchar(20), cliente_id int4, quarto_id int4, primary key (id))
Hibernate: alter table pessoa add constraint UK_nlwiu48rutiltbnjle59krljo unique (cpf)
Hibernate: alter table quarto add constraint UK_iyu0q2cr6fdbn5k2uy94td3oi unique (numero)
Hibernate: alter table cliente add constraint FKa710hls1tg15o3d4ok5biathy foreign key (id) references pessoa
Hibernate: alter table funcionario add constraint FKpjvvctvfjm69dvye3aea5k56f foreign key (id) references pessoa
Hibernate: alter table reserva add constraint FK7cg2jiyn5cf6f6elccvb6963k foreign key (cliente_id) references cliente
Hibernate: alter table reserva add constraint FKll90wdpmqcpwh6car9093ehxy foreign key (quarto_id) references quarto
Hibernate: insert into quarto (disponibilidade, numero, preco, tipo) values (?, ?, ?, ?)
]]></system-out>
    <system-err><![CDATA[nov. 06, 2024 9:49:41 PM org.hibernate.ejb.HibernatePersistence logDeprecation
WARN: HHH015016: Encountered a deprecated javax.persistence.spi.PersistenceProvider [org.hibernate.ejb.HibernatePersistence]; use [org.hibernate.jpa.HibernatePersistenceProvider] instead.
nov. 06, 2024 9:49:41 PM org.hibernate.ejb.HibernatePersistence logDeprecation
WARN: HHH015016: Encountered a deprecated javax.persistence.spi.PersistenceProvider [org.hibernate.ejb.HibernatePersistence]; use [org.hibernate.jpa.HibernatePersistenceProvider] instead.
nov. 06, 2024 9:49:41 PM org.hibernate.jpa.internal.util.LogHelper logPersistenceUnitInformation
INFO: HHH000204: Processing PersistenceUnitInfo [
	name: com.mycompany_ProjetoLPOOE1_BernardoBurin_jar_1.0-SNAPSHOTPU
	...]
nov. 06, 2024 9:49:41 PM org.hibernate.Version logVersion
INFO: HHH000412: Hibernate Core {5.3.3.Final}
nov. 06, 2024 9:49:41 PM org.hibernate.cfg.Environment <clinit>
INFO: HHH000206: hibernate.properties not found
nov. 06, 2024 9:49:41 PM org.hibernate.annotations.common.reflection.java.JavaReflectionManager <clinit>
INFO: HCANN000001: Hibernate Commons Annotations {5.0.4.Final}
nov. 06, 2024 9:49:41 PM org.hibernate.engine.jdbc.connections.internal.DriverManagerConnectionProviderImpl configure
WARN: HHH10001002: Using Hibernate built-in connection pool (not for production use!)
nov. 06, 2024 9:49:41 PM org.hibernate.engine.jdbc.connections.internal.DriverManagerConnectionProviderImpl buildCreator
INFO: HHH10001005: using driver [org.postgresql.Driver] at URL [jdbc:postgresql://localhost:5432/ProjetoLPOOE1_BernardoBurin]
nov. 06, 2024 9:49:41 PM org.hibernate.engine.jdbc.connections.internal.DriverManagerConnectionProviderImpl buildCreator
INFO: HHH10001001: Connection properties: {user=postgres, password=****}
nov. 06, 2024 9:49:41 PM org.hibernate.engine.jdbc.connections.internal.DriverManagerConnectionProviderImpl buildCreator
INFO: HHH10001003: Autocommit mode: false
nov. 06, 2024 9:49:41 PM org.hibernate.engine.jdbc.connections.internal.DriverManagerConnectionProviderImpl$PooledConnections <init>
INFO: HHH000115: Hibernate connection pool size: 20 (min=1)
nov. 06, 2024 9:49:42 PM org.hibernate.dialect.Dialect <init>
INFO: HHH000400: Using dialect: org.hibernate.dialect.PostgreSQLDialect
nov. 06, 2024 9:49:42 PM org.hibernate.engine.jdbc.env.internal.LobCreatorBuilderImpl useContextualLobCreation
INFO: HHH000424: Disabling contextual LOB creation as createClob() method threw error : java.lang.reflect.InvocationTargetException
nov. 06, 2024 9:49:42 PM org.hibernate.type.BasicTypeRegistry register
INFO: HHH000270: Type registration [java.util.UUID] overrides previous : org.hibernate.type.UUIDBinaryType@7957dc72
nov. 06, 2024 9:49:42 PM org.hibernate.resource.transaction.backend.jdbc.internal.DdlTransactionIsolatorNonJtaImpl getIsolatedConnection
INFO: HHH10001501: Connection obtained from JdbcConnectionAccess [org.hibernate.engine.jdbc.env.internal.JdbcEnvironmentInitiator$ConnectionProviderJdbcConnectionAccess@18f55704] for (non-JTA) DDL execution was not in auto-commit mode; the Connection 'local transaction' will be committed and the Connection will be set into auto-commit mode.
nov. 06, 2024 9:49:42 PM org.hibernate.resource.transaction.backend.jdbc.internal.DdlTransactionIsolatorNonJtaImpl getIsolatedConnection
INFO: HHH10001501: Connection obtained from JdbcConnectionAccess [org.hibernate.engine.jdbc.env.internal.JdbcEnvironmentInitiator$ConnectionProviderJdbcConnectionAccess@433c6abb] for (non-JTA) DDL execution was not in auto-commit mode; the Connection 'local transaction' will be committed and the Connection will be set into auto-commit mode.
nov. 06, 2024 9:49:42 PM org.hibernate.tool.schema.internal.SchemaCreatorImpl applyImportSources
INFO: HHH000476: Executing import script 'org.hibernate.tool.schema.internal.exec.ScriptSourceInputNonExistentImpl@2440022a'
]]></system-err>
  </testcase>
  <testcase name="testPersistFuncionario" classname="TestePersistence" time="0.004">
    <system-out><![CDATA[Hibernate: insert into pessoa (cpf, email, nome, telefone) values (?, ?, ?, ?)
Hibernate: insert into funcionario (cargo, salario, id) values (?, ?, ?)
]]></system-out>
  </testcase>
  <testcase name="testPersistCliente" classname="TestePersistence" time="0.003">
    <system-out><![CDATA[Hibernate: insert into pessoa (cpf, email, nome, telefone) values (?, ?, ?, ?)
Hibernate: insert into cliente (id) values (?)
]]></system-out>
  </testcase>
  <testcase name="testPersistReserva" classname="TestePersistence" time="0.006">
    <system-out><![CDATA[Hibernate: insert into pessoa (cpf, email, nome, telefone) values (?, ?, ?, ?)
Hibernate: insert into cliente (id) values (?)
Hibernate: insert into quarto (disponibilidade, numero, preco, tipo) values (?, ?, ?, ?)
Hibernate: insert into reserva (cliente_id, data_fim, data_inicio, quarto_id, status) values (?, ?, ?, ?, ?)
]]></system-out>
  </testcase>
</testsuite>